{"numTotalTestSuites":2,"numPassedTestSuites":0,"numFailedTestSuites":2,"numPendingTestSuites":0,"numTotalTests":1,"numPassedTests":0,"numFailedTests":1,"numPendingTests":0,"numTodoTests":0,"snapshot":{"added":0,"failure":false,"filesAdded":0,"filesRemoved":0,"filesRemovedList":[],"filesUnmatched":0,"filesUpdated":0,"matched":0,"total":0,"unchecked":0,"uncheckedKeysByFile":[],"unmatched":0,"updated":0,"didUpdate":false},"startTime":1789557927723,"success":false,"testResults":[{"assertionResults":[{"ancestorTitles":["login form submit button"],"fullName":"login form submit button disables Entrar button while submit is in progress, to avoid double click","status":"failed","title":"disables Entrar button while submit is in progress, to avoid double click","duration":3.97829999999999,"failureMessages":["ReferenceError: document is not defined\n    at E:\\Documentos\\ProjetosIA\\TL-ADE\\proto\\example\\src\\login-form.test.js:10:5\n    at file:///E:/Documentos/ProjetosIA/TL-ADE/proto/example/node_modules/@vitest/runner/dist/chunk-hooks.js:155:11\n    at file:///E:/Documentos/ProjetosIA/TL-ADE/proto/example/node_modules/@vitest/runner/dist/chunk-hooks.js:752:26\n    at file:///E:/Documentos/ProjetosIA/TL-ADE/proto/example/node_modules/@vitest/runner/dist/chunk-hooks.js:1897:20\n    at new Promise (<anonymous>)\n    at runWithTimeout (file:///E:/Documentos/ProjetosIA/TL-ADE/proto/example/node_modules/@vitest/runner/dist/chunk-hooks.js:1863:10)\n    at runTest (file:///E:/Documentos/ProjetosIA/TL-ADE/proto/example/node_modules/@vitest/runner/dist/chunk-hooks.js:1574:12)\n    at processTicksAndRejections (node:internal/process/task_queues:104:5)\n    at runSuite (file:///E:/Documentos/ProjetosIA/TL-ADE/proto/example/node_modules/@vitest/runner/dist/chunk-hooks.js:1729:8)\n    at runSuite (file:///E:/Documentos/ProjetosIA/TL-ADE/proto/example/node_modules/@vitest/runner/dist/chunk-hooks.js:1729:8)"],"meta":{}}],"startTime":1789557928097,"endTime":1789557928100.9783,"status":"failed","message":"","name":"E:/Documentos/ProjetosIA/TL-ADE/proto/example/src/login-form.test.js"}]}